<?xml version="1.0" encoding="UTF-8"?>
<!-- Generated by org.testng.reporters.JUnitReportReporter -->
<testsuite hostname="DESKTOP-Q1DI0LE" failures="0" tests="12" name="stepdefination.StepDefination" time="34.219" errors="0" timestamp="2022-01-26T23:31:27 EST" skipped="0">
  <testcase classname="stepdefination.StepDefination" name="user_click_on_signup_button" time="3.268"/>
  <system-out/>
  <testcase classname="stepdefination.StepDefination" name="signup_box_is_displayed" time="0.049"/>
  <system-out/>
  <testcase classname="stepdefination.StepDefination" name="user_enter_username_password" time="2.281"/>
  <system-out/>
  <testcase classname="stepdefination.StepDefination" name="user_click_on_sign_up" time="0.004"/>
  <system-out/>
  <testcase classname="stepdefination.StepDefination" name="user_should_get_successful_message" time="2.074"/>
  <system-out/>
  <testcase classname="stepdefination.StepDefination" name="click_on_log_in_button" time="3.507"/>
  <system-out/>
  <testcase classname="stepdefination.StepDefination" name="enter_username_password" time="4.055"/>
  <system-out/>
  <testcase classname="stepdefination.StepDefination" name="click_on_log_in" time="5.231"/>
  <system-out/>
  <testcase classname="stepdefination.StepDefination" name="click_on_one_product" time="4.277"/>
  <system-out/>
  <testcase classname="stepdefination.StepDefination" name="add_to_cart" time="4.056"/>
  <system-out/>
  <testcase classname="stepdefination.StepDefination" name="go_to_cart" time="3.388"/>
  <system-out/>
  <testcase classname="stepdefination.StepDefination" name="confirm_product_is_added" time="2.029"/>
  <system-out/>
</testsuite> <!-- stepdefination.StepDefination -->
