<?xml version="1.0" encoding="UTF-8"?>
<!-- Generated by org.testng.reporters.JUnitReportReporter -->
<testsuite hostname="DESKTOP-Q1DI0LE" failures="0" tests="1" name="stepdefination.StepDefination" time="3.722" errors="0" timestamp="2022-03-01T22:01:53 EST" skipped="0">
  <testcase classname="stepdefination.StepDefination" name="user_click_on_signup_button" time="3.722"/>
  <system-out/>
</testsuite> <!-- stepdefination.StepDefination -->
